<?xml version="1.0" encoding="UTF-8"?>
<!-- Generated by org.testng.reporters.JUnitXMLReporter -->
<testsuite ignored="1" hostname="DESKTOP-T1LF6NB" failures="0" tests="3" name="LoginTest" time="12.269" errors="0" timestamp="2024-06-11T13:43:46 IST">
  <testcase classname="Tests.LoginTest" name="GetUrll" time="0.021"/>
  <testcase classname="Tests.LoginTest" name="clickonCLose" time="0.067"/>
  <testcase classname="Tests.LoginTest" name="clickonpractice" time="1.91"/>
  <testcase classname="Tests.LoginTest" name="GetTitle" time="0.0">
    <ignored/>
  </testcase> <!-- GetTitle -->
</testsuite> <!-- LoginTest -->
