<?xml version="1.0" encoding="UTF-8"?>
<!-- Generated by org.testng.reporters.JUnitXMLReporter -->
<testsuite ignored="1" hostname="DESKTOP-T1LF6NB" failures="0" tests="58" name="Test" time="15.725" errors="0" timestamp="2024-05-30T21:58:46 IST">
  <testcase classname="Tests.AlertTest" name="@BeforeTest LaunchUrl" time="15.413">
    <failure type="org.openqa.selenium.WebDriverException" message="disconnected: received Inspector.detached event
  (failed to check if window was closed: disconnected: Unable to receive message from renderer)
  (Session info: chrome=125.0.6422.113)
Build info: version: &amp;apos;3.141.59&amp;apos;, revision: &amp;apos;e82be7d358&amp;apos;, time: &amp;apos;2018-11-14T08:25:48&amp;apos;
System info: host: &amp;apos;DESKTOP-T1LF6NB&amp;apos;, ip: &amp;apos;192.168.100.103&amp;apos;, os.name: &amp;apos;Windows 11&amp;apos;, os.arch: &amp;apos;amd64&amp;apos;, os.version: &amp;apos;10.0&amp;apos;, java.version: &amp;apos;17.0.10&amp;apos;
Driver info: org.openqa.selenium.chrome.ChromeDriver
Capabilities {acceptInsecureCerts: false, browserName: chrome, browserVersion: 125.0.6422.113, chrome: {chromedriverVersion: 125.0.6422.78 (14db42ec38ad..., userDataDir: C:\Users\RAHULS~1\AppData\L...}, fedcm:accounts: true, goog:chromeOptions: {debuggerAddress: localhost:50527}, javascriptEnabled: true, networkConnectionEnabled: false, pageLoadStrategy: normal, platform: WINDOWS, platformName: WINDOWS, proxy: Proxy(), setWindowRect: true, strictFileInteractability: false, timeouts: {implicit: 0, pageLoad: 300000, script: 30000}, unhandledPromptBehavior: dismiss and notify, webauthn:extension:credBlob: true, webauthn:extension:largeBlob: true, webauthn:extension:minPinLength: true, webauthn:extension:prf: true, webauthn:virtualAuthenticators: true}
Session ID: a12339ecc456eb72059ce61b2fb0187d">
      <![CDATA[org.openqa.selenium.WebDriverException: disconnected: received Inspector.detached event
  (failed to check if window was closed: disconnected: Unable to receive message from renderer)
  (Session info: chrome=125.0.6422.113)
Build info: version: '3.141.59', revision: 'e82be7d358', time: '2018-11-14T08:25:48'
System info: host: 'DESKTOP-T1LF6NB', ip: '192.168.100.103', os.name: 'Windows 11', os.arch: 'amd64', os.version: '10.0', java.version: '17.0.10'
Driver info: org.openqa.selenium.chrome.ChromeDriver
Capabilities {acceptInsecureCerts: false, browserName: chrome, browserVersion: 125.0.6422.113, chrome: {chromedriverVersion: 125.0.6422.78 (14db42ec38ad..., userDataDir: C:\Users\RAHULS~1\AppData\L...}, fedcm:accounts: true, goog:chromeOptions: {debuggerAddress: localhost:50527}, javascriptEnabled: true, networkConnectionEnabled: false, pageLoadStrategy: normal, platform: WINDOWS, platformName: WINDOWS, proxy: Proxy(), setWindowRect: true, strictFileInteractability: false, timeouts: {implicit: 0, pageLoad: 300000, script: 30000}, unhandledPromptBehavior: dismiss and notify, webauthn:extension:credBlob: true, webauthn:extension:largeBlob: true, webauthn:extension:minPinLength: true, webauthn:extension:prf: true, webauthn:virtualAuthenticators: true}
Session ID: a12339ecc456eb72059ce61b2fb0187d
at org.openqa.selenium.remote.http.W3CHttpResponseCodec.createException(W3CHttpResponseCodec.java:187)
at org.openqa.selenium.remote.http.W3CHttpResponseCodec.decode(W3CHttpResponseCodec.java:122)
at org.openqa.selenium.remote.http.W3CHttpResponseCodec.decode(W3CHttpResponseCodec.java:49)
at org.openqa.selenium.remote.HttpCommandExecutor.execute(HttpCommandExecutor.java:158)
at org.openqa.selenium.remote.service.DriverCommandExecutor.execute(DriverCommandExecutor.java:83)
at org.openqa.selenium.remote.RemoteWebDriver.execute(RemoteWebDriver.java:552)
at org.openqa.selenium.remote.RemoteWebDriver.get(RemoteWebDriver.java:277)
at baseLibrary.BaseLibrary.launchUrl(BaseLibrary.java:42)
at Tests.AlertTest.LaunchUrl(AlertTest.java:17)
... Removed 29 stack frames]]>
    </failure>
  </testcase> <!-- @BeforeTest LaunchUrl -->
  <testcase classname="Tests.ButtonsTestPage" name="@BeforeTest launchurl" time="-1.717086526618E9">
    <skipped/>
  </testcase> <!-- @BeforeTest launchurl -->
  <testcase classname="Tests.CheckboxTest" name="@BeforeTest launchurl" time="-1.71708652662E9">
    <skipped/>
  </testcase> <!-- @BeforeTest launchurl -->
  <testcase classname="Tests.FramePageTest" name="@BeforeTest LaunchUrl" time="-1.717086526621E9">
    <skipped/>
  </testcase> <!-- @BeforeTest LaunchUrl -->
  <testcase classname="Tests.LinksTest" name="@BeforeTest launchurl" time="-1.717086526622E9">
    <skipped/>
  </testcase> <!-- @BeforeTest launchurl -->
  <testcase classname="Tests.LoginTest" name="@BeforeTest launchURL" time="-1.717086526623E9">
    <skipped/>
  </testcase> <!-- @BeforeTest launchURL -->
  <testcase classname="Tests.NestedFrameTest" name="@BeforeTest LaunchUrl" time="-1.717086526625E9">
    <skipped/>
  </testcase> <!-- @BeforeTest LaunchUrl -->
  <testcase classname="Tests.RadioButtonTest" name="@BeforeTest LaunchURL" time="-1.717086526627E9">
    <skipped/>
  </testcase> <!-- @BeforeTest LaunchURL -->
  <testcase classname="Tests.SelectDropDownTest" name="@BeforeTest launchurl" time="-1.717086526628E9">
    <skipped/>
  </testcase> <!-- @BeforeTest launchurl -->
  <testcase classname="Tests.TextboxTest" name="@BeforeTest launchURL" time="-1.71708652663E9">
    <skipped/>
  </testcase> <!-- @BeforeTest launchURL -->
  <testcase classname="Tests.ToolTipsTest" name="@BeforeTest launchurl" time="-1.717086526632E9">
    <skipped/>
  </testcase> <!-- @BeforeTest launchurl -->
  <testcase classname="Tests.WebTablesTest" name="@BeforeTest launchURL" time="-1.717086526632E9">
    <skipped/>
  </testcase> <!-- @BeforeTest launchURL -->
  <testcase classname="baseLibrary.BaseLibrary" name="@AfterMethod getResultAnalysis" time="-1.717086526684E9">
    <skipped/>
  </testcase> <!-- @AfterMethod getResultAnalysis -->
  <testcase classname="baseLibrary.BaseLibrary" name="@AfterMethod getResultAnalysis" time="-1.717086526695E9">
    <skipped/>
  </testcase> <!-- @AfterMethod getResultAnalysis -->
  <testcase classname="baseLibrary.BaseLibrary" name="@AfterMethod getResultAnalysis" time="-1.717086526701E9">
    <skipped/>
  </testcase> <!-- @AfterMethod getResultAnalysis -->
  <testcase classname="baseLibrary.BaseLibrary" name="@AfterMethod getResultAnalysis" time="-1.717086526708E9">
    <skipped/>
  </testcase> <!-- @AfterMethod getResultAnalysis -->
  <testcase classname="baseLibrary.BaseLibrary" name="@AfterMethod getResultAnalysis" time="-1.717086526713E9">
    <skipped/>
  </testcase> <!-- @AfterMethod getResultAnalysis -->
  <testcase classname="baseLibrary.BaseLibrary" name="@AfterMethod getResultAnalysis" time="-1.717086526718E9">
    <skipped/>
  </testcase> <!-- @AfterMethod getResultAnalysis -->
  <testcase classname="baseLibrary.BaseLibrary" name="@AfterMethod getResultAnalysis" time="-1.717086526723E9">
    <skipped/>
  </testcase> <!-- @AfterMethod getResultAnalysis -->
  <testcase classname="baseLibrary.BaseLibrary" name="@AfterMethod getResultAnalysis" time="-1.717086526727E9">
    <skipped/>
  </testcase> <!-- @AfterMethod getResultAnalysis -->
  <testcase classname="baseLibrary.BaseLibrary" name="@AfterMethod getResultAnalysis" time="-1.717086526733E9">
    <skipped/>
  </testcase> <!-- @AfterMethod getResultAnalysis -->
  <testcase classname="baseLibrary.BaseLibrary" name="@AfterMethod getResultAnalysis" time="-1.717086526737E9">
    <skipped/>
  </testcase> <!-- @AfterMethod getResultAnalysis -->
  <testcase classname="baseLibrary.BaseLibrary" name="@AfterMethod getResultAnalysis" time="-1.717086526742E9">
    <skipped/>
  </testcase> <!-- @AfterMethod getResultAnalysis -->
  <testcase classname="baseLibrary.BaseLibrary" name="@AfterMethod getResultAnalysis" time="-1.717086526746E9">
    <skipped/>
  </testcase> <!-- @AfterMethod getResultAnalysis -->
  <testcase classname="baseLibrary.BaseLibrary" name="@AfterMethod getResultAnalysis" time="-1.71708652675E9">
    <skipped/>
  </testcase> <!-- @AfterMethod getResultAnalysis -->
  <testcase classname="baseLibrary.BaseLibrary" name="@AfterMethod getResultAnalysis" time="-1.717086526754E9">
    <skipped/>
  </testcase> <!-- @AfterMethod getResultAnalysis -->
  <testcase classname="baseLibrary.BaseLibrary" name="@AfterMethod getResultAnalysis" time="-1.717086526759E9">
    <skipped/>
  </testcase> <!-- @AfterMethod getResultAnalysis -->
  <testcase classname="baseLibrary.BaseLibrary" name="@AfterMethod getResultAnalysis" time="-1.717086526763E9">
    <skipped/>
  </testcase> <!-- @AfterMethod getResultAnalysis -->
  <testcase classname="baseLibrary.BaseLibrary" name="@AfterMethod getResultAnalysis" time="-1.717086526769E9">
    <skipped/>
  </testcase> <!-- @AfterMethod getResultAnalysis -->
  <testcase classname="baseLibrary.BaseLibrary" name="@AfterMethod getResultAnalysis" time="-1.717086526774E9">
    <skipped/>
  </testcase> <!-- @AfterMethod getResultAnalysis -->
  <testcase classname="baseLibrary.BaseLibrary" name="@AfterMethod getResultAnalysis" time="-1.717086526778E9">
    <skipped/>
  </testcase> <!-- @AfterMethod getResultAnalysis -->
  <testcase classname="baseLibrary.BaseLibrary" name="@AfterMethod getResultAnalysis" time="-1.717086526781E9">
    <skipped/>
  </testcase> <!-- @AfterMethod getResultAnalysis -->
  <testcase classname="baseLibrary.BaseLibrary" name="@AfterMethod getResultAnalysis" time="-1.717086526784E9">
    <skipped/>
  </testcase> <!-- @AfterMethod getResultAnalysis -->
  <testcase classname="baseLibrary.BaseLibrary" name="@AfterMethod getResultAnalysis" time="-1.717086526787E9">
    <skipped/>
  </testcase> <!-- @AfterMethod getResultAnalysis -->
  <testcase classname="baseLibrary.BaseLibrary" name="@AfterMethod getResultAnalysis" time="-1.717086526792E9">
    <skipped/>
  </testcase> <!-- @AfterMethod getResultAnalysis -->
  <testcase classname="baseLibrary.BaseLibrary" name="@AfterMethod getResultAnalysis" time="-1.717086526796E9">
    <skipped/>
  </testcase> <!-- @AfterMethod getResultAnalysis -->
  <testcase classname="baseLibrary.BaseLibrary" name="@AfterMethod getResultAnalysis" time="-1.717086526799E9">
    <skipped/>
  </testcase> <!-- @AfterMethod getResultAnalysis -->
  <testcase classname="baseLibrary.BaseLibrary" name="@AfterMethod getResultAnalysis" time="-1.717086526802E9">
    <skipped/>
  </testcase> <!-- @AfterMethod getResultAnalysis -->
  <testcase classname="baseLibrary.BaseLibrary" name="@AfterMethod getResultAnalysis" time="-1.717086526805E9">
    <skipped/>
  </testcase> <!-- @AfterMethod getResultAnalysis -->
  <testcase classname="baseLibrary.BaseLibrary" name="@AfterMethod getResultAnalysis" time="-1.717086526809E9">
    <skipped/>
  </testcase> <!-- @AfterMethod getResultAnalysis -->
  <testcase classname="baseLibrary.BaseLibrary" name="@AfterMethod getResultAnalysis" time="-1.717086526812E9">
    <skipped/>
  </testcase> <!-- @AfterMethod getResultAnalysis -->
  <testcase classname="baseLibrary.BaseLibrary" name="@AfterMethod getResultAnalysis" time="-1.717086526814E9">
    <skipped/>
  </testcase> <!-- @AfterMethod getResultAnalysis -->
  <testcase classname="baseLibrary.BaseLibrary" name="@AfterMethod getResultAnalysis" time="-1.717086526817E9">
    <skipped/>
  </testcase> <!-- @AfterMethod getResultAnalysis -->
  <testcase classname="baseLibrary.BaseLibrary" name="@AfterMethod getResultAnalysis" time="-1.71708652682E9">
    <skipped/>
  </testcase> <!-- @AfterMethod getResultAnalysis -->
  <testcase classname="baseLibrary.BaseLibrary" name="@AfterMethod getResultAnalysis" time="-1.717086526823E9">
    <skipped/>
  </testcase> <!-- @AfterMethod getResultAnalysis -->
  <testcase classname="baseLibrary.BaseLibrary" name="@AfterMethod getResultAnalysis" time="-1.717086526827E9">
    <skipped/>
  </testcase> <!-- @AfterMethod getResultAnalysis -->
  <testcase classname="baseLibrary.BaseLibrary" name="@AfterMethod getResultAnalysis" time="-1.717086526831E9">
    <skipped/>
  </testcase> <!-- @AfterMethod getResultAnalysis -->
  <testcase classname="baseLibrary.BaseLibrary" name="@AfterMethod getResultAnalysis" time="-1.717086526834E9">
    <skipped/>
  </testcase> <!-- @AfterMethod getResultAnalysis -->
  <testcase classname="baseLibrary.BaseLibrary" name="@AfterMethod getResultAnalysis" time="-1.717086526839E9">
    <skipped/>
  </testcase> <!-- @AfterMethod getResultAnalysis -->
  <testcase classname="baseLibrary.BaseLibrary" name="@AfterMethod getResultAnalysis" time="-1.717086526842E9">
    <skipped/>
  </testcase> <!-- @AfterMethod getResultAnalysis -->
  <testcase classname="baseLibrary.BaseLibrary" name="@AfterMethod getResultAnalysis" time="-1.717086526845E9">
    <skipped/>
  </testcase> <!-- @AfterMethod getResultAnalysis -->
  <testcase classname="baseLibrary.BaseLibrary" name="@AfterMethod getResultAnalysis" time="-1.717086526849E9">
    <skipped/>
  </testcase> <!-- @AfterMethod getResultAnalysis -->
  <testcase classname="baseLibrary.BaseLibrary" name="@AfterMethod getResultAnalysis" time="-1.717086526852E9">
    <skipped/>
  </testcase> <!-- @AfterMethod getResultAnalysis -->
  <testcase classname="baseLibrary.BaseLibrary" name="@AfterMethod getResultAnalysis" time="-1.717086526856E9">
    <skipped/>
  </testcase> <!-- @AfterMethod getResultAnalysis -->
  <testcase classname="baseLibrary.BaseLibrary" name="@AfterMethod getResultAnalysis" time="-1.717086526859E9">
    <skipped/>
  </testcase> <!-- @AfterMethod getResultAnalysis -->
  <testcase classname="baseLibrary.BaseLibrary" name="@AfterMethod getResultAnalysis" time="-1.717086526867E9">
    <skipped/>
  </testcase> <!-- @AfterMethod getResultAnalysis -->
  <testcase classname="baseLibrary.BaseLibrary" name="@AfterMethod getResultAnalysis" time="-1.71708652687E9">
    <skipped/>
  </testcase> <!-- @AfterMethod getResultAnalysis -->
  <testcase classname="baseLibrary.BaseLibrary" name="@AfterMethod getResultAnalysis" time="-1.717086526872E9">
    <skipped/>
  </testcase> <!-- @AfterMethod getResultAnalysis -->
  <testcase classname="baseLibrary.BaseLibrary" name="@AfterMethod getResultAnalysis" time="-1.717086526875E9">
    <skipped/>
  </testcase> <!-- @AfterMethod getResultAnalysis -->
  <testcase classname="baseLibrary.BaseLibrary" name="@AfterMethod getResultAnalysis" time="-1.717086526878E9">
    <skipped/>
  </testcase> <!-- @AfterMethod getResultAnalysis -->
  <testcase classname="baseLibrary.BaseLibrary" name="@AfterMethod getResultAnalysis" time="-1.717086526881E9">
    <skipped/>
  </testcase> <!-- @AfterMethod getResultAnalysis -->
  <testcase classname="baseLibrary.BaseLibrary" name="@AfterMethod getResultAnalysis" time="-1.717086526884E9">
    <skipped/>
  </testcase> <!-- @AfterMethod getResultAnalysis -->
  <testcase classname="baseLibrary.BaseLibrary" name="@AfterMethod getResultAnalysis" time="-1.71708652689E9">
    <skipped/>
  </testcase> <!-- @AfterMethod getResultAnalysis -->
  <testcase classname="baseLibrary.BaseLibrary" name="@AfterMethod getResultAnalysis" time="-1.717086526894E9">
    <skipped/>
  </testcase> <!-- @AfterMethod getResultAnalysis -->
  <testcase classname="baseLibrary.BaseLibrary" name="@AfterMethod getResultAnalysis" time="-1.717086526897E9">
    <skipped/>
  </testcase> <!-- @AfterMethod getResultAnalysis -->
  <testcase classname="baseLibrary.BaseLibrary" name="@AfterMethod getResultAnalysis" time="-1.717086526899E9">
    <skipped/>
  </testcase> <!-- @AfterMethod getResultAnalysis -->
  <testcase classname="baseLibrary.BaseLibrary" name="@AfterMethod getResultAnalysis" time="-1.717086526902E9">
    <skipped/>
  </testcase> <!-- @AfterMethod getResultAnalysis -->
  <testcase classname="baseLibrary.BaseLibrary" name="@AfterMethod getResultAnalysis" time="-1.717086526905E9">
    <skipped/>
  </testcase> <!-- @AfterMethod getResultAnalysis -->
  <testcase classname="baseLibrary.BaseLibrary" name="@AfterMethod getResultAnalysis" time="-1.717086526907E9">
    <skipped/>
  </testcase> <!-- @AfterMethod getResultAnalysis -->
  <testcase classname="baseLibrary.BaseLibrary" name="@AfterMethod getResultAnalysis" time="-1.71708652691E9">
    <skipped/>
  </testcase> <!-- @AfterMethod getResultAnalysis -->
  <testcase classname="Tests.LinksTest" name="Elements" time="0.0">
    <skipped/>
  </testcase> <!-- Elements -->
  <testcase classname="Tests.LinksTest" name="Links" time="0.0">
    <skipped/>
  </testcase> <!-- Links -->
  <testcase classname="Tests.LinksTest" name="Demopage" time="0.0">
    <skipped/>
  </testcase> <!-- Demopage -->
  <testcase classname="Tests.FramePageTest" name="Framesecclk" time="0.0">
    <skipped/>
  </testcase> <!-- Framesecclk -->
  <testcase classname="Tests.FramePageTest" name="Frametabclk" time="0.0">
    <skipped/>
  </testcase> <!-- Frametabclk -->
  <testcase classname="Tests.FramePageTest" name="parentFrame" time="0.0">
    <skipped/>
  </testcase> <!-- parentFrame -->
  <testcase classname="Tests.FramePageTest" name="ChildFrame" time="0.0">
    <skipped/>
  </testcase> <!-- ChildFrame -->
  <testcase classname="Tests.NestedFrameTest" name="clkonFrameWindow" time="0.0">
    <skipped/>
  </testcase> <!-- clkonFrameWindow -->
  <testcase classname="Tests.NestedFrameTest" name="frameEntry" time="0.0">
    <skipped/>
  </testcase> <!-- frameEntry -->
  <testcase classname="Tests.NestedFrameTest" name="nestedFrameEntry" time="0.0">
    <skipped/>
  </testcase> <!-- nestedFrameEntry -->
  <testcase classname="Tests.RadioButtonTest" name="clkonClose" time="0.0">
    <skipped/>
  </testcase> <!-- clkonClose -->
  <testcase classname="Tests.RadioButtonTest" name="clkonPractice" time="0.0">
    <skipped/>
  </testcase> <!-- clkonPractice -->
  <testcase classname="Tests.RadioButtonTest" name="clkonElement" time="0.0">
    <skipped/>
  </testcase> <!-- clkonElement -->
  <testcase classname="Tests.RadioButtonTest" name="clkonRadioButtons" time="0.0">
    <skipped/>
  </testcase> <!-- clkonRadioButtons -->
  <testcase classname="Tests.RadioButtonTest" name="clkonYes" time="0.0">
    <skipped/>
  </testcase> <!-- clkonYes -->
  <testcase classname="Tests.SelectDropDownTest" name="WidgetMenuClk" time="0.0">
    <skipped/>
  </testcase> <!-- WidgetMenuClk -->
  <testcase classname="Tests.SelectDropDownTest" name="selectMenuClk" time="0.0">
    <skipped/>
  </testcase> <!-- selectMenuClk -->
  <testcase classname="Tests.SelectDropDownTest" name="selectvalueClk" time="0.0">
    <skipped/>
  </testcase> <!-- selectvalueClk -->
  <testcase classname="Tests.SelectDropDownTest" name="selectbyOne" time="0.0">
    <skipped/>
  </testcase> <!-- selectbyOne -->
  <testcase classname="Tests.SelectDropDownTest" name="selectOldMenu" time="0.0">
    <skipped/>
  </testcase> <!-- selectOldMenu -->
  <testcase classname="Tests.SelectDropDownTest" name="MultiSelect" time="0.0">
    <skipped/>
  </testcase> <!-- MultiSelect -->
  <testcase classname="Tests.WebTablesTest" name="ClkonClose" time="0.0">
    <skipped/>
  </testcase> <!-- ClkonClose -->
  <testcase classname="Tests.WebTablesTest" name="ClkonPractice" time="0.0">
    <skipped/>
  </testcase> <!-- ClkonPractice -->
  <testcase classname="Tests.WebTablesTest" name="ClkonElement" time="0.0">
    <skipped/>
  </testcase> <!-- ClkonElement -->
  <testcase classname="Tests.WebTablesTest" name="clkonWebTables" time="0.0">
    <skipped/>
  </testcase> <!-- clkonWebTables -->
  <testcase classname="Tests.WebTablesTest" name="filldata" time="0.0">
    <skipped/>
  </testcase> <!-- filldata -->
  <testcase classname="Tests.WebTablesTest" name="updateTabledata" time="0.0">
    <skipped/>
  </testcase> <!-- updateTabledata -->
  <testcase classname="Tests.WebTablesTest" name="getValidateTable" time="0.0">
    <skipped/>
  </testcase> <!-- getValidateTable -->
  <testcase classname="Tests.CheckboxTest" name="clkonclose" time="0.0">
    <skipped/>
  </testcase> <!-- clkonclose -->
  <testcase classname="Tests.CheckboxTest" name="clkonpractice" time="0.0">
    <skipped/>
  </testcase> <!-- clkonpractice -->
  <testcase classname="Tests.CheckboxTest" name="clkonelement" time="0.0">
    <skipped/>
  </testcase> <!-- clkonelement -->
  <testcase classname="Tests.CheckboxTest" name="clkoncheckbox" time="0.0">
    <skipped/>
  </testcase> <!-- clkoncheckbox -->
  <testcase classname="Tests.CheckboxTest" name="mobileclk" time="0.0">
    <skipped/>
  </testcase> <!-- mobileclk -->
  <testcase classname="Tests.CheckboxTest" name="Laptopclk" time="0.0">
    <skipped/>
  </testcase> <!-- Laptopclk -->
  <testcase classname="Tests.CheckboxTest" name="DesktopClk" time="0.0">
    <skipped/>
  </testcase> <!-- DesktopClk -->
  <testcase classname="Tests.ToolTipsTest" name="widgetClk" time="0.0">
    <skipped/>
  </testcase> <!-- widgetClk -->
  <testcase classname="Tests.ToolTipsTest" name="ToolTipsClk" time="0.0">
    <skipped/>
  </testcase> <!-- ToolTipsClk -->
  <testcase classname="Tests.ToolTipsTest" name="HovermeValidation" time="0.0">
    <skipped/>
  </testcase> <!-- HovermeValidation -->
  <testcase classname="Tests.ButtonsTestPage" name="ClkonElement" time="0.0">
    <skipped/>
  </testcase> <!-- ClkonElement -->
  <testcase classname="Tests.ButtonsTestPage" name="clkonButtons" time="0.0">
    <skipped/>
  </testcase> <!-- clkonButtons -->
  <testcase classname="Tests.ButtonsTestPage" name="doubleClk" time="0.0">
    <skipped/>
  </testcase> <!-- doubleClk -->
  <testcase classname="Tests.ButtonsTestPage" name="rightClk" time="0.0">
    <skipped/>
  </testcase> <!-- rightClk -->
  <testcase classname="Tests.ButtonsTestPage" name="ClkMe" time="0.0">
    <skipped/>
  </testcase> <!-- ClkMe -->
  <testcase classname="Tests.TextboxTest" name="ClkonClose" time="0.0">
    <skipped/>
  </testcase> <!-- ClkonClose -->
  <testcase classname="Tests.TextboxTest" name="ClkonPractice" time="0.0">
    <skipped/>
  </testcase> <!-- ClkonPractice -->
  <testcase classname="Tests.TextboxTest" name="ClkonElement" time="0.0">
    <skipped/>
  </testcase> <!-- ClkonElement -->
  <testcase classname="Tests.TextboxTest" name="TextboxClick" time="0.0">
    <skipped/>
  </testcase> <!-- TextboxClick -->
  <testcase classname="Tests.TextboxTest" name="FillDetails" time="0.0">
    <skipped/>
  </testcase> <!-- FillDetails -->
  <testcase classname="Tests.TextboxTest" name="validateDetails" time="0.0">
    <skipped/>
  </testcase> <!-- validateDetails -->
  <testcase classname="Tests.AlertTest" name="clkAlertSec" time="0.0">
    <skipped/>
  </testcase> <!-- clkAlertSec -->
  <testcase classname="Tests.AlertTest" name="clkAlertTab" time="0.0">
    <skipped/>
  </testcase> <!-- clkAlertTab -->
  <testcase classname="Tests.AlertTest" name="clkAlertNow" time="0.0">
    <skipped/>
  </testcase> <!-- clkAlertNow -->
  <testcase classname="Tests.AlertTest" name="ClickAfterfive" time="0.0">
    <skipped/>
  </testcase> <!-- ClickAfterfive -->
  <testcase classname="Tests.AlertTest" name="ClicktoConfirm" time="0.0">
    <skipped/>
  </testcase> <!-- ClicktoConfirm -->
  <testcase classname="Tests.AlertTest" name="ClicktoPerform" time="0.0">
    <skipped/>
  </testcase> <!-- ClicktoPerform -->
  <testcase classname="Tests.LoginTest" name="GetUrll" time="0.0">
    <skipped/>
  </testcase> <!-- GetUrll -->
  <testcase classname="Tests.LoginTest" name="clickonCLose" time="0.0">
    <skipped/>
  </testcase> <!-- clickonCLose -->
  <testcase classname="Tests.LoginTest" name="clickonpractice" time="0.0">
    <skipped/>
  </testcase> <!-- clickonpractice -->
  <testcase classname="Tests.LoginTest" name="GetTitle" time="0.0">
    <ignored/>
  </testcase> <!-- GetTitle -->
</testsuite> <!-- Test -->
